<?xml version="1.0" encoding="UTF-8"?>
<!-- Generated by org.testng.reporters.JUnitReportReporter -->
<testsuite hostname="DESKTOP-LF9C4GT" failures="0" tests="1" name="testrunner.TestRunner" time="57.608" errors="0" timestamp="2025-07-03T11:52:39 IST" skipped="0">
  <testcase classname="testrunner.TestRunner" name="runScenario" time="57.608"/>
</testsuite> <!-- testrunner.TestRunner -->
